SF:lib/core/global.dart
DA:4,0
LF:1
LH:0
end_of_record
SF:lib/core/failures/failures_mapper.dart
DA:4,0
DA:5,0
DA:6,0
DA:7,0
DA:9,0
DA:11,0
LF:6
LH:0
end_of_record
SF:lib/core/utils/dialogs.dart
DA:4,0
DA:5,0
DA:6,0
DA:7,0
DA:10,0
DA:11,0
DA:12,0
DA:15,0
DA:16,0
DA:19,0
LF:10
LH:0
end_of_record
SF:lib/core/extensions/get_it_extension.dart
DA:4,0
DA:8,0
LF:2
LH:0
end_of_record
SF:lib/core/failures/failures.dart
DA:8,4
LF:1
LH:1
end_of_record
SF:lib/core/failures/data_failures.dart
DA:6,5
LF:1
LH:1
end_of_record
SF:lib/core/extensions/context_extension.dart
DA:4,0
DA:5,0
LF:2
LH:0
end_of_record
SF:lib/core/extensions/date_extension.dart
DA:4,6
DA:5,0
DA:6,0
LF:3
LH:1
end_of_record
SF:lib/core/extensions/string_extension.dart
DA:4,0
DA:5,0
DA:6,0
LF:3
LH:0
end_of_record
SF:lib/core/utils/functions.dart
DA:3,1
DA:5,1
DA:7,1
DA:11,0
DA:12,0
DA:13,0
LF:6
LH:3
end_of_record
SF:lib/core/enums/weather_icons_enum.dart
DA:19,0
LF:1
LH:0
end_of_record
SF:lib/core/extensions/double_extension.dart
DA:2,0
LF:1
LH:0
end_of_record
SF:lib/core/locator.dart
DA:14,0
DA:15,0
DA:16,0
DA:17,0
DA:18,0
DA:19,0
DA:20,0
DA:23,0
DA:24,0
DA:27,0
DA:28,0
DA:31,0
DA:32,0
DA:33,0
DA:34,0
DA:35,0
DA:36,0
DA:39,0
DA:40,0
DA:41,0
DA:43,0
DA:49,0
LF:22
LH:0
end_of_record
SF:lib/core/mappers/accu/current_condition_mapper.dart
DA:6,2
DA:7,2
DA:8,4
DA:9,2
DA:10,6
LF:5
LH:5
end_of_record
SF:lib/core/mappers/accu/forecast_mapper.dart
DA:7,2
DA:8,2
DA:9,6
DA:10,2
DA:11,6
DA:12,6
DA:13,6
DA:14,6
DA:15,6
DA:17,2
LF:10
LH:10
end_of_record
SF:lib/core/mappers/accu/icon_mapper.dart
DA:4,3
DA:5,6
DA:6,6
DA:7,6
DA:8,4
DA:9,4
DA:10,4
DA:11,4
DA:12,4
DA:13,4
DA:14,4
DA:15,4
DA:16,4
DA:17,4
DA:18,4
LF:15
LH:15
end_of_record
SF:lib/core/mappers/accu/location_mapper.dart
DA:5,3
DA:6,3
DA:7,3
DA:8,3
DA:9,6
DA:10,6
DA:11,6
DA:15,3
DA:16,3
DA:17,3
DA:18,3
DA:22,3
DA:23,3
DA:24,3
DA:25,3
LF:15
LH:15
end_of_record
SF:lib/core/services/geoposition_service.dart
DA:4,0
DA:8,0
DA:10,0
DA:13,0
DA:14,0
DA:15,0
DA:16,0
DA:17,0
DA:21,0
DA:22,0
DA:24,0
LF:11
LH:0
end_of_record
SF:lib/core/services/permission_service.dart
DA:4,0
DA:5,0
DA:6,0
DA:7,0
DA:9,0
LF:5
LH:0
end_of_record
SF:lib/core/theme/weather_theme_data.dart
DA:4,0
DA:19,0
DA:20,0
DA:21,0
DA:22,0
DA:23,0
LF:6
LH:0
end_of_record
SF:lib/core/utils/snacks.dart
DA:4,0
DA:5,0
DA:6,0
LF:3
LH:0
end_of_record
SF:lib/data/datasources/remote/accu_remote_datasource_impl.dart
DA:16,1
DA:18,1
DA:21,3
DA:23,1
DA:24,1
DA:26,4
DA:27,2
DA:29,1
DA:31,1
DA:32,3
DA:38,1
DA:42,4
DA:44,1
DA:46,2
DA:47,1
DA:49,1
DA:51,1
DA:53,1
DA:54,3
DA:60,1
DA:63,3
DA:65,1
DA:67,2
DA:68,1
DA:70,1
DA:72,1
DA:74,1
DA:75,3
DA:81,1
DA:84,3
DA:86,1
DA:87,1
DA:88,1
DA:89,2
DA:90,1
DA:92,1
DA:94,1
DA:96,1
DA:97,3
LF:39
LH:39
end_of_record
SF:lib/data/dtos/accu/current_condition_dto.dart
DA:28,2
DA:41,4
DA:51,2
DA:56,4
DA:68,2
DA:74,4
DA:86,2
DA:92,4
LF:8
LH:8
end_of_record
SF:lib/data/dtos/accu/current_condition_dto.g.dart
DA:9,2
DA:10,2
DA:11,2
DA:12,2
DA:13,2
DA:14,2
DA:15,2
DA:16,2
DA:17,2
DA:19,4
DA:20,2
DA:21,2
DA:24,4
DA:25,4
DA:26,4
DA:29,4
DA:30,4
DA:31,2
DA:32,2
DA:35,4
DA:36,4
DA:37,2
DA:38,2
LF:23
LH:23
end_of_record
SF:lib/data/dtos/accu/forecast_dto.dart
DA:12,2
DA:17,4
DA:39,2
DA:50,4
DA:66,2
DA:74,4
DA:84,2
DA:89,4
DA:101,2
DA:107,4
DA:131,2
DA:143,4
LF:12
LH:12
end_of_record
SF:lib/data/dtos/accu/forecast_dto.g.dart
DA:9,4
DA:10,4
DA:11,2
DA:12,6
DA:13,2
DA:16,2
DA:17,2
DA:18,2
DA:19,2
DA:21,4
DA:22,4
DA:23,4
DA:25,8
DA:26,2
DA:27,2
DA:30,4
DA:31,2
DA:32,2
DA:33,2
DA:34,2
DA:35,2
DA:38,2
DA:39,2
DA:40,4
DA:41,4
DA:44,4
DA:45,4
DA:46,2
DA:47,2
DA:50,4
DA:51,2
DA:52,2
DA:53,2
DA:54,2
DA:55,2
DA:56,2
DA:57,2
DA:58,2
DA:59,2
LF:39
LH:39
end_of_record
SF:lib/data/dtos/accu/location_dto.dart
DA:24,3
DA:43,6
DA:59,3
DA:69,6
DA:79,3
DA:85,6
DA:94,3
DA:100,6
DA:108,3
DA:113,6
DA:122,3
DA:128,6
DA:137,3
DA:143,6
DA:152,3
DA:158,6
DA:169,3
DA:177,6
LF:18
LH:18
end_of_record
SF:lib/data/dtos/accu/location_dto.g.dart
DA:9,6
DA:10,3
DA:11,3
DA:12,3
DA:13,3
DA:14,3
DA:15,3
DA:16,3
DA:17,6
DA:18,6
DA:19,3
DA:20,3
DA:21,6
DA:23,6
DA:24,3
DA:25,3
DA:27,6
DA:28,3
DA:29,6
DA:30,3
DA:31,3
DA:33,12
DA:36,3
DA:38,3
DA:39,3
DA:40,3
DA:41,3
DA:42,3
DA:43,3
DA:44,3
DA:45,3
DA:48,6
DA:49,3
DA:50,3
DA:51,3
DA:54,3
DA:55,3
DA:56,6
DA:57,6
DA:59,6
DA:62,6
DA:63,6
DA:64,6
DA:67,6
DA:68,6
DA:69,3
DA:70,3
DA:73,3
DA:74,3
DA:75,3
DA:76,3
DA:77,3
DA:80,3
DA:82,3
DA:83,3
DA:84,3
DA:85,3
DA:88,6
DA:89,3
DA:90,3
DA:91,6
DA:92,3
DA:93,3
LF:63
LH:63
end_of_record
SF:lib/data/repositories/weather_repository_impl.dart
DA:11,4
DA:13,4
DA:15,4
DA:16,4
DA:17,4
DA:18,4
DA:19,4
DA:20,4
DA:21,4
DA:22,4
DA:23,4
DA:24,4
DA:26,12
DA:30,1
DA:32,4
DA:35,1
DA:37,4
DA:40,1
DA:42,4
DA:45,1
DA:47,4
LF:21
LH:21
end_of_record
SF:lib/domain/entities/current_condition.dart
DA:8,2
LF:1
LH:1
end_of_record
SF:lib/domain/entities/forecast.dart
DA:6,2
DA:19,2
LF:2
LH:2
end_of_record
SF:lib/domain/entities/location.dart
DA:8,3
DA:21,3
DA:31,3
LF:3
LH:3
end_of_record
SF:lib/domain/usecases/conditions/get_current_condition_usecase.dart
DA:8,1
DA:10,1
DA:11,2
LF:3
LH:3
end_of_record
SF:lib/domain/usecases/forecast/get_forecast_by_id_usecase.dart
DA:7,1
DA:9,1
DA:10,2
LF:3
LH:3
end_of_record
SF:lib/domain/usecases/locations/get_location_by_geoposition_usecase.dart
DA:8,1
DA:10,1
DA:11,2
LF:3
LH:3
end_of_record
SF:lib/domain/usecases/locations/get_location_by_string_usecase.dart
DA:8,1
DA:10,1
DA:11,2
LF:3
LH:3
end_of_record
SF:lib/main.dart
DA:12,0
DA:13,0
DA:14,0
DA:18,6
DA:19,0
DA:21,0
DA:22,0
DA:23,0
DA:24,0
DA:25,0
DA:27,0
DA:29,0
LF:12
LH:1
end_of_record
SF:lib/presentation/home/cubits/condition/current_condition_state.dart
DA:11,0
DA:16,0
LF:2
LH:0
end_of_record
SF:lib/presentation/home/cubits/condition/current_condition_cubit.dart
DA:10,0
DA:12,0
DA:13,0
DA:14,0
DA:15,0
DA:16,0
DA:17,0
LF:7
LH:0
end_of_record
SF:lib/presentation/home/cubits/forecast/forecast_state.dart
DA:12,0
DA:18,0
LF:2
LH:0
end_of_record
SF:lib/presentation/home/cubits/forecast/forecast_cubit.dart
DA:10,0
DA:12,0
DA:13,0
DA:14,0
DA:15,0
DA:16,0
DA:17,0
LF:7
LH:0
end_of_record
SF:lib/presentation/home/home_screen.dart
DA:13,0
DA:15,0
DA:16,0
DA:20,0
DA:22,0
DA:23,0
DA:24,0
DA:27,0
DA:29,0
DA:30,0
DA:31,0
LF:11
LH:0
end_of_record
SF:lib/presentation/home/widgets/current_condition_widget.dart
DA:9,6
DA:11,0
DA:13,0
DA:14,0
DA:17,0
DA:18,0
DA:19,0
DA:20,0
DA:29,0
DA:31,0
DA:33,0
DA:34,0
DA:35,0
DA:36,0
DA:37,0
DA:40,0
DA:41,0
DA:42,0
LF:18
LH:1
end_of_record
SF:lib/presentation/home/widgets/forecast_widget.dart
DA:10,6
DA:12,0
DA:14,0
DA:15,0
DA:19,0
DA:20,0
DA:21,0
DA:22,0
DA:31,0
DA:33,0
DA:35,0
DA:37,0
DA:38,0
DA:39,0
DA:41,0
DA:43,0
DA:44,0
DA:45,0
DA:46,0
DA:49,0
DA:51,0
DA:52,0
DA:53,0
DA:54,0
DA:55,0
DA:57,0
DA:59,0
DA:60,0
DA:61,0
DA:62,0
DA:67,0
DA:68,0
DA:69,0
DA:70,0
DA:71,0
DA:76,0
DA:77,0
DA:78,0
DA:79,0
DA:80,0
DA:81,0
DA:82,0
DA:83,0
DA:84,0
DA:85,0
DA:96,0
LF:46
LH:1
end_of_record
SF:lib/presentation/onboarding/cubits/location/location_state.dart
DA:12,0
DA:18,0
LF:2
LH:0
end_of_record
SF:lib/presentation/onboarding/cubits/location/location_cubit.dart
DA:10,0
DA:12,0
DA:13,0
DA:14,0
DA:15,0
DA:16,0
DA:17,0
LF:7
LH:0
end_of_record
SF:lib/presentation/onboarding/cubits/location_list/location_list_cubit.dart
DA:10,0
DA:12,0
DA:13,0
DA:14,0
DA:15,0
DA:16,0
DA:17,0
LF:7
LH:0
end_of_record
SF:lib/presentation/onboarding/cubits/location_list/location_list_state.dart
DA:12,0
DA:18,0
LF:2
LH:0
end_of_record
SF:lib/presentation/onboarding/onboarding_screen.dart
DA:18,6
DA:20,0
DA:21,0
DA:29,0
DA:31,0
DA:32,0
DA:35,0
DA:37,0
DA:38,0
DA:39,0
DA:43,0
DA:45,0
DA:47,0
DA:48,0
DA:50,0
DA:51,0
DA:53,0
DA:54,0
DA:56,0
DA:60,0
DA:61,0
DA:63,0
DA:65,0
DA:66,0
DA:69,0
DA:70,0
DA:75,0
DA:76,0
DA:78,0
DA:79,0
DA:80,0
DA:81,0
DA:82,0
DA:87,0
DA:92,0
DA:94,0
DA:95,0
DA:96,0
DA:97,0
DA:98,0
DA:103,0
DA:104,0
DA:105,0
DA:106,0
DA:107,0
DA:111,0
DA:112,0
DA:114,0
DA:118,0
DA:119,0
DA:120,0
DA:121,0
DA:122,0
DA:123,0
LF:54
LH:1
end_of_record
SF:lib/presentation/onboarding/pages/search_location_page.dart
DA:9,6
DA:11,0
DA:12,0
DA:19,0
DA:21,0
DA:22,0
DA:25,0
DA:27,0
DA:28,0
DA:29,0
DA:32,0
DA:33,0
DA:34,0
DA:36,0
DA:38,0
DA:39,0
DA:41,0
DA:42,0
DA:43,0
DA:44,0
DA:49,0
DA:50,0
DA:51,0
DA:54,0
DA:55,0
DA:58,0
DA:59,0
DA:60,0
DA:63,0
DA:64,0
DA:65,0
DA:66,0
DA:67,0
DA:68,0
DA:69,0
DA:70,0
DA:71,0
DA:72,0
DA:79,0
LF:39
LH:1
end_of_record
SF:lib/presentation/onboarding/widgets/location_button_widget.dart
DA:8,0
DA:10,0
DA:12,0
DA:13,0
DA:14,0
DA:15,0
DA:18,0
DA:19,0
DA:20,0
DA:22,0
DA:24,0
DA:25,0
DA:27,0
LF:13
LH:0
end_of_record
