SF:lib/core/extensions/get_it_extension.dart
DA:4,0
DA:8,0
LF:2
LH:0
end_of_record
SF:lib/core/failures/failures.dart
DA:8,2
LF:1
LH:1
end_of_record
SF:lib/core/failures/data_failures.dart
DA:6,3
LF:1
LH:1
end_of_record
SF:lib/core/utils/functions.dart
DA:3,1
DA:5,1
DA:7,1
LF:3
LH:3
end_of_record
SF:lib/data/datasources/remote/weather_remote_datasource_impl.dart
DA:10,1
DA:12,1
DA:15,3
DA:17,1
DA:18,1
DA:19,1
DA:20,2
DA:21,1
DA:23,1
DA:25,1
DA:27,1
DA:28,3
DA:34,1
DA:38,4
DA:40,1
DA:42,2
DA:43,1
DA:45,1
DA:47,1
DA:49,1
DA:50,3
LF:21
LH:21
end_of_record
SF:lib/domain/entities/location.dart
DA:20,3
DA:49,3
DA:65,3
DA:77,3
DA:88,3
DA:99,3
DA:111,3
DA:123,3
DA:137,3
LF:9
LH:9
end_of_record
SF:lib/core/locator.dart
DA:10,0
DA:11,0
DA:12,0
DA:13,0
DA:14,0
DA:15,0
DA:16,0
DA:19,0
DA:20,0
DA:23,0
DA:24,0
DA:27,0
DA:28,0
DA:29,0
DA:30,0
DA:31,0
DA:35,0
DA:36,0
DA:37,0
DA:39,0
DA:45,0
LF:21
LH:0
end_of_record
SF:lib/data/repositories/weather_repository_impl.dart
DA:9,2
DA:11,1
DA:14,2
DA:15,1
DA:16,1
DA:17,1
DA:18,1
DA:19,1
DA:20,1
DA:21,1
DA:22,1
DA:23,1
DA:25,3
DA:29,1
DA:32,2
DA:33,1
DA:34,1
DA:35,1
DA:36,1
DA:37,1
DA:38,1
DA:39,1
DA:40,1
DA:41,1
DA:43,3
LF:25
LH:25
end_of_record
SF:lib/domain/usecases/locations/get_location_by_geoposition_usecase.dart
DA:8,1
DA:10,1
DA:11,2
LF:3
LH:3
end_of_record
SF:lib/domain/usecases/locations/get_location_by_string_usecase.dart
DA:8,1
DA:10,1
DA:11,2
LF:3
LH:3
end_of_record
SF:lib/core/mappers/location_mapper.dart
DA:5,3
DA:6,3
DA:7,3
DA:8,3
DA:9,3
DA:10,3
DA:11,3
DA:12,3
DA:13,3
DA:14,6
DA:15,6
DA:16,6
DA:17,6
DA:18,6
DA:19,3
DA:20,6
DA:21,9
DA:22,3
DA:26,3
DA:27,3
DA:28,3
DA:29,3
DA:30,3
DA:34,3
DA:35,3
DA:36,3
DA:37,3
DA:38,3
DA:39,3
DA:40,3
DA:41,3
DA:42,3
DA:46,3
DA:47,3
DA:48,3
DA:49,3
DA:50,6
DA:54,3
DA:55,3
DA:56,6
DA:57,6
DA:61,3
DA:62,3
DA:63,3
DA:64,3
DA:65,3
DA:69,3
DA:70,3
DA:71,3
DA:72,3
DA:73,3
DA:74,3
DA:75,3
DA:79,3
DA:82,3
DA:83,3
DA:84,3
DA:85,3
DA:89,3
DA:90,3
DA:91,3
DA:92,3
DA:93,3
LF:63
LH:63
end_of_record
SF:lib/data/dtos/location_dto.dart
DA:24,3
DA:43,6
DA:59,3
DA:69,6
DA:79,3
DA:85,6
DA:94,3
DA:100,6
DA:108,3
DA:113,6
DA:122,3
DA:128,6
DA:137,3
DA:143,6
DA:152,3
DA:158,6
DA:169,3
DA:177,6
LF:18
LH:18
end_of_record
SF:lib/data/dtos/location_dto.g.dart
DA:9,6
DA:10,3
DA:11,3
DA:12,3
DA:13,3
DA:14,3
DA:15,3
DA:16,3
DA:17,6
DA:18,6
DA:19,3
DA:20,3
DA:21,6
DA:23,6
DA:24,3
DA:25,3
DA:27,6
DA:28,3
DA:29,6
DA:30,3
DA:31,3
DA:33,12
DA:36,3
DA:38,3
DA:39,3
DA:40,3
DA:41,3
DA:42,3
DA:43,3
DA:44,3
DA:45,3
DA:48,6
DA:49,3
DA:50,3
DA:51,3
DA:54,3
DA:55,3
DA:56,6
DA:57,6
DA:59,6
DA:62,6
DA:63,6
DA:64,6
DA:67,6
DA:68,6
DA:69,3
DA:70,3
DA:73,3
DA:74,3
DA:75,3
DA:76,3
DA:77,3
DA:80,3
DA:82,3
DA:83,3
DA:84,3
DA:85,3
DA:88,6
DA:89,3
DA:90,3
DA:91,6
DA:92,3
DA:93,3
LF:63
LH:63
end_of_record
